<?xml version="1.0" encoding="UTF-8"?>
<coverage generated="1706613866453" clover="3.2.0">
  <project timestamp="1706613866453" name="All files">
    <metrics statements="83" coveredstatements="83" conditionals="24" coveredconditionals="24" methods="43" coveredmethods="43" elements="150" coveredelements="150" complexity="0" loc="83" ncloc="83" packages="3" files="11" classes="11"/>
    <package name="src">
      <metrics statements="29" coveredstatements="29" conditionals="4" coveredconditionals="4" methods="18" coveredmethods="18"/>
      <file name="App.js" path="D:\neha\frontEndRel\practice\udemyPrac\reactPrac\react-test-cases\src\App.js">
        <metrics statements="29" coveredstatements="29" conditionals="4" coveredconditionals="4" methods="18" coveredmethods="18"/>
        <line num="17" count="24" type="stmt"/>
        <line num="23" count="6" type="stmt"/>
        <line num="24" count="6" type="stmt"/>
        <line num="28" count="1" type="stmt"/>
        <line num="29" count="1" type="stmt"/>
        <line num="33" count="3" type="stmt"/>
        <line num="34" count="3" type="stmt"/>
        <line num="38" count="1" type="stmt"/>
        <line num="39" count="1" type="stmt"/>
        <line num="42" count="1" type="stmt"/>
        <line num="48" count="1" type="stmt"/>
        <line num="49" count="1" type="stmt"/>
        <line num="53" count="1" type="stmt"/>
        <line num="59" count="4" type="stmt"/>
        <line num="60" count="4" type="stmt"/>
        <line num="61" count="4" type="stmt"/>
        <line num="66" count="4" type="stmt"/>
        <line num="74" count="1" type="stmt"/>
        <line num="75" count="1" type="stmt"/>
        <line num="76" count="1" type="stmt"/>
        <line num="82" count="1" type="stmt"/>
        <line num="88" count="24" type="stmt"/>
        <line num="89" count="9" type="stmt"/>
        <line num="92" count="24" type="stmt"/>
        <line num="101" count="24" type="cond" truecount="2" falsecount="0"/>
        <line num="102" count="6" type="stmt"/>
        <line num="103" count="18" type="cond" truecount="2" falsecount="0"/>
        <line num="104" count="13" type="stmt"/>
        <line num="106" count="24" type="stmt"/>
      </file>
    </package>
    <package name="src.component">
      <metrics statements="29" coveredstatements="29" conditionals="8" coveredconditionals="8" methods="12" coveredmethods="12"/>
      <file name="Counter.js" path="D:\neha\frontEndRel\practice\udemyPrac\reactPrac\react-test-cases\src\component\Counter.js">
        <metrics statements="2" coveredstatements="2" conditionals="0" coveredconditionals="0" methods="1" coveredmethods="1"/>
        <line num="5" count="31" type="stmt"/>
        <line num="6" count="31" type="stmt"/>
      </file>
      <file name="CounterContext.js" path="D:\neha\frontEndRel\practice\udemyPrac\reactPrac\react-test-cases\src\component\CounterContext.js">
        <metrics statements="8" coveredstatements="8" conditionals="0" coveredconditionals="0" methods="7" coveredmethods="7"/>
        <line num="3" count="3" type="stmt"/>
        <line num="10" count="29" type="stmt"/>
        <line num="11" count="29" type="stmt"/>
        <line num="12" count="1" type="stmt"/>
        <line num="14" count="29" type="stmt"/>
        <line num="15" count="1" type="stmt"/>
        <line num="17" count="29" type="stmt"/>
        <line num="22" count="29" type="stmt"/>
      </file>
      <file name="Greet.js" path="D:\neha\frontEndRel\practice\udemyPrac\reactPrac\react-test-cases\src\component\Greet.js">
        <metrics statements="1" coveredstatements="1" conditionals="0" coveredconditionals="0" methods="1" coveredmethods="1"/>
        <line num="2" count="1" type="stmt"/>
      </file>
      <file name="Movie.js" path="D:\neha\frontEndRel\practice\udemyPrac\reactPrac\react-test-cases\src\component\Movie.js">
        <metrics statements="18" coveredstatements="18" conditionals="8" coveredconditionals="8" methods="3" coveredmethods="3"/>
        <line num="3" count="30" type="stmt"/>
        <line num="4" count="30" type="stmt"/>
        <line num="5" count="30" type="stmt"/>
        <line num="8" count="2" type="stmt"/>
        <line num="9" count="2" type="stmt"/>
        <line num="10" count="2" type="stmt"/>
        <line num="13" count="2" type="cond" truecount="2" falsecount="0"/>
        <line num="14" count="1" type="stmt"/>
        <line num="16" count="1" type="stmt"/>
        <line num="17" count="1" type="stmt"/>
        <line num="19" count="1" type="stmt"/>
        <line num="20" count="3" type="stmt"/>
        <line num="27" count="1" type="stmt"/>
        <line num="28" count="1" type="stmt"/>
        <line num="30" count="1" type="stmt"/>
        <line num="33" count="2" type="stmt"/>
        <line num="35" count="30" type="stmt"/>
        <line num="43" count="3" type="stmt"/>
      </file>
    </package>
    <package name="src.component.taskRel">
      <metrics statements="25" coveredstatements="25" conditionals="12" coveredconditionals="12" methods="13" coveredmethods="13"/>
      <file name="NewProject.js" path="D:\neha\frontEndRel\practice\udemyPrac\reactPrac\react-test-cases\src\component\taskRel\NewProject.js">
        <metrics statements="10" coveredstatements="10" conditionals="5" coveredconditionals="5" methods="2" coveredmethods="2"/>
        <line num="4" count="14" type="stmt"/>
        <line num="5" count="14" type="stmt"/>
        <line num="6" count="14" type="stmt"/>
        <line num="8" count="6" type="stmt"/>
        <line num="9" count="6" type="stmt"/>
        <line num="10" count="6" type="stmt"/>
        <line num="11" count="6" type="cond" truecount="2" falsecount="0"/>
        <line num="16" count="1" type="stmt"/>
        <line num="18" count="5" type="stmt"/>
        <line num="24" count="14" type="stmt"/>
      </file>
      <file name="NewTask.js" path="D:\neha\frontEndRel\practice\udemyPrac\reactPrac\react-test-cases\src\component\taskRel\NewTask.js">
        <metrics statements="4" coveredstatements="4" conditionals="0" coveredconditionals="0" methods="2" coveredmethods="2"/>
        <line num="3" count="11" type="stmt"/>
        <line num="5" count="2" type="stmt"/>
        <line num="6" count="2" type="stmt"/>
        <line num="8" count="11" type="stmt"/>
      </file>
      <file name="NoProject.js" path="D:\neha\frontEndRel\practice\udemyPrac\reactPrac\react-test-cases\src\component\taskRel\NoProject.js">
        <metrics statements="1" coveredstatements="1" conditionals="0" coveredconditionals="0" methods="1" coveredmethods="1"/>
        <line num="2" count="14" type="stmt"/>
      </file>
      <file name="SelectedProj.js" path="D:\neha\frontEndRel\practice\udemyPrac\reactPrac\react-test-cases\src\component\taskRel\SelectedProj.js">
        <metrics statements="2" coveredstatements="2" conditionals="0" coveredconditionals="0" methods="1" coveredmethods="1"/>
        <line num="10" count="6" type="stmt"/>
        <line num="17" count="6" type="stmt"/>
      </file>
      <file name="Sidebar.js" path="D:\neha\frontEndRel\practice\udemyPrac\reactPrac\react-test-cases\src\component\taskRel\Sidebar.js">
        <metrics statements="3" coveredstatements="3" conditionals="2" coveredconditionals="2" methods="3" coveredmethods="3"/>
        <line num="3" count="26" type="stmt"/>
        <line num="11" count="26" type="stmt"/>
        <line num="18" count="11" type="stmt"/>
      </file>
      <file name="Task.js" path="D:\neha\frontEndRel\practice\udemyPrac\reactPrac\react-test-cases\src\component\taskRel\Task.js">
        <metrics statements="5" coveredstatements="5" conditionals="5" coveredconditionals="5" methods="4" coveredmethods="4"/>
        <line num="4" count="8" type="stmt"/>
        <line num="5" count="3" type="stmt"/>
        <line num="8" count="8" type="stmt"/>
        <line num="14" count="3" type="stmt"/>
        <line num="16" count="2" type="stmt"/>
      </file>
    </package>
  </project>
</coverage>
