{"D:\\neha\\frontEndRel\\practice\\udemyPrac\\reactPrac\\react-test-cases\\src\\App.js": {"path":"D:\\neha\\frontEndRel\\practice\\udemyPrac\\reactPrac\\react-test-cases\\src\\App.js","statementMap":{"0":{"start":{"line":17,"column":38},"end":{"line":21,"column":4}},"1":{"start":{"line":23,"column":4},"end":{"line":25,"column":7}},"2":{"start":{"line":24,"column":6},"end":{"line":24,"column":55}},"3":{"start":{"line":28,"column":4},"end":{"line":30,"column":7}},"4":{"start":{"line":29,"column":6},"end":{"line":29,"column":60}},"5":{"start":{"line":33,"column":4},"end":{"line":35,"column":7}},"6":{"start":{"line":34,"column":6},"end":{"line":34,"column":53}},"7":{"start":{"line":38,"column":4},"end":{"line":45,"column":7}},"8":{"start":{"line":39,"column":6},"end":{"line":44,"column":8}},"9":{"start":{"line":42,"column":20},"end":{"line":42,"column":34}},"10":{"start":{"line":48,"column":4},"end":{"line":56,"column":7}},"11":{"start":{"line":49,"column":6},"end":{"line":55,"column":8}},"12":{"start":{"line":53,"column":23},"end":{"line":53,"column":66}},"13":{"start":{"line":59,"column":4},"end":{"line":71,"column":7}},"14":{"start":{"line":60,"column":24},"end":{"line":60,"column":37}},"15":{"start":{"line":61,"column":25},"end":{"line":64,"column":7}},"16":{"start":{"line":66,"column":6},"end":{"line":70,"column":8}},"17":{"start":{"line":74,"column":4},"end":{"line":86,"column":7}},"18":{"start":{"line":75,"column":17},"end":{"line":75,"column":30}},"19":{"start":{"line":76,"column":23},"end":{"line":80,"column":7}},"20":{"start":{"line":82,"column":6},"end":{"line":85,"column":8}},"21":{"start":{"line":88,"column":24},"end":{"line":90,"column":3}},"22":{"start":{"line":89,"column":14},"end":{"line":89,"column":54}},"23":{"start":{"line":92,"column":4},"end":{"line":99,"column":6}},"24":{"start":{"line":101,"column":2},"end":{"line":105,"column":3}},"25":{"start":{"line":102,"column":4},"end":{"line":102,"column":67}},"26":{"start":{"line":103,"column":9},"end":{"line":105,"column":3}},"27":{"start":{"line":104,"column":4},"end":{"line":104,"column":50}},"28":{"start":{"line":106,"column":2},"end":{"line":160,"column":4}}},"fnMap":{"0":{"name":"App","decl":{"start":{"line":11,"column":9},"end":{"line":11,"column":12}},"loc":{"start":{"line":11,"column":15},"end":{"line":161,"column":1}},"line":11},"1":{"name":"createProj","decl":{"start":{"line":22,"column":11},"end":{"line":22,"column":21}},"loc":{"start":{"line":22,"column":24},"end":{"line":26,"column":3}},"line":22},"2":{"name":"(anonymous_2)","decl":{"start":{"line":23,"column":18},"end":{"line":23,"column":19}},"loc":{"start":{"line":23,"column":33},"end":{"line":25,"column":5}},"line":23},"3":{"name":"cancelProj","decl":{"start":{"line":27,"column":11},"end":{"line":27,"column":21}},"loc":{"start":{"line":27,"column":24},"end":{"line":31,"column":3}},"line":27},"4":{"name":"(anonymous_4)","decl":{"start":{"line":28,"column":18},"end":{"line":28,"column":19}},"loc":{"start":{"line":28,"column":33},"end":{"line":30,"column":5}},"line":28},"5":{"name":"selected","decl":{"start":{"line":32,"column":11},"end":{"line":32,"column":19}},"loc":{"start":{"line":32,"column":24},"end":{"line":36,"column":3}},"line":32},"6":{"name":"(anonymous_6)","decl":{"start":{"line":33,"column":18},"end":{"line":33,"column":19}},"loc":{"start":{"line":33,"column":33},"end":{"line":35,"column":5}},"line":33},"7":{"name":"handleDelete","decl":{"start":{"line":37,"column":11},"end":{"line":37,"column":23}},"loc":{"start":{"line":37,"column":28},"end":{"line":46,"column":3}},"line":37},"8":{"name":"(anonymous_8)","decl":{"start":{"line":38,"column":18},"end":{"line":38,"column":19}},"loc":{"start":{"line":38,"column":33},"end":{"line":45,"column":5}},"line":38},"9":{"name":"(anonymous_9)","decl":{"start":{"line":42,"column":10},"end":{"line":42,"column":11}},"loc":{"start":{"line":42,"column":20},"end":{"line":42,"column":34}},"line":42},"10":{"name":"deleteproj","decl":{"start":{"line":47,"column":11},"end":{"line":47,"column":21}},"loc":{"start":{"line":47,"column":24},"end":{"line":57,"column":3}},"line":47},"11":{"name":"(anonymous_11)","decl":{"start":{"line":48,"column":18},"end":{"line":48,"column":19}},"loc":{"start":{"line":48,"column":33},"end":{"line":56,"column":5}},"line":48},"12":{"name":"(anonymous_12)","decl":{"start":{"line":53,"column":10},"end":{"line":53,"column":11}},"loc":{"start":{"line":53,"column":23},"end":{"line":53,"column":66}},"line":53},"13":{"name":"addProj","decl":{"start":{"line":58,"column":11},"end":{"line":58,"column":18}},"loc":{"start":{"line":58,"column":28},"end":{"line":72,"column":3}},"line":58},"14":{"name":"(anonymous_14)","decl":{"start":{"line":59,"column":18},"end":{"line":59,"column":19}},"loc":{"start":{"line":59,"column":33},"end":{"line":71,"column":5}},"line":59},"15":{"name":"handleTask","decl":{"start":{"line":73,"column":11},"end":{"line":73,"column":21}},"loc":{"start":{"line":73,"column":31},"end":{"line":87,"column":3}},"line":73},"16":{"name":"(anonymous_16)","decl":{"start":{"line":74,"column":18},"end":{"line":74,"column":19}},"loc":{"start":{"line":74,"column":33},"end":{"line":86,"column":5}},"line":74},"17":{"name":"(anonymous_17)","decl":{"start":{"line":89,"column":4},"end":{"line":89,"column":5}},"loc":{"start":{"line":89,"column":14},"end":{"line":89,"column":54}},"line":89}},"branchMap":{"0":{"loc":{"start":{"line":101,"column":2},"end":{"line":105,"column":3}},"type":"if","locations":[{"start":{"line":101,"column":2},"end":{"line":105,"column":3}},{"start":{"line":103,"column":9},"end":{"line":105,"column":3}}],"line":101},"1":{"loc":{"start":{"line":103,"column":9},"end":{"line":105,"column":3}},"type":"if","locations":[{"start":{"line":103,"column":9},"end":{"line":105,"column":3}},{"start":{},"end":{}}],"line":103}},"s":{"0":24,"1":6,"2":6,"3":1,"4":1,"5":3,"6":3,"7":1,"8":1,"9":1,"10":1,"11":1,"12":1,"13":4,"14":4,"15":4,"16":4,"17":1,"18":1,"19":1,"20":1,"21":24,"22":9,"23":24,"24":24,"25":6,"26":18,"27":13,"28":24},"f":{"0":24,"1":6,"2":6,"3":1,"4":1,"5":3,"6":3,"7":1,"8":1,"9":1,"10":1,"11":1,"12":1,"13":4,"14":4,"15":1,"16":1,"17":9},"b":{"0":[6,18],"1":[13,5]},"_coverageSchema":"1a1c01bbd47fc00a2c39e90264f33305004495a9","hash":"9d6d48ea9b459788898b6ea31698f571428b1bdd"}
,"D:\\neha\\frontEndRel\\practice\\udemyPrac\\reactPrac\\react-test-cases\\src\\component\\Counter.js": {"path":"D:\\neha\\frontEndRel\\practice\\udemyPrac\\reactPrac\\react-test-cases\\src\\component\\Counter.js","statementMap":{"0":{"start":{"line":5,"column":14},"end":{"line":5,"column":40}},"1":{"start":{"line":6,"column":2},"end":{"line":14,"column":4}}},"fnMap":{"0":{"name":"Counter","decl":{"start":{"line":4,"column":24},"end":{"line":4,"column":31}},"loc":{"start":{"line":4,"column":34},"end":{"line":15,"column":1}},"line":4}},"branchMap":{},"s":{"0":31,"1":31},"f":{"0":31},"b":{},"_coverageSchema":"1a1c01bbd47fc00a2c39e90264f33305004495a9","hash":"64f89e835179fc3e683ce02997d4f4c727def649"}
,"D:\\neha\\frontEndRel\\practice\\udemyPrac\\reactPrac\\react-test-cases\\src\\component\\CounterContext.js": {"path":"D:\\neha\\frontEndRel\\practice\\udemyPrac\\reactPrac\\react-test-cases\\src\\component\\CounterContext.js","statementMap":{"0":{"start":{"line":3,"column":28},"end":{"line":7,"column":2}},"1":{"start":{"line":10,"column":27},"end":{"line":10,"column":38}},"2":{"start":{"line":11,"column":16},"end":{"line":13,"column":1}},"3":{"start":{"line":12,"column":1},"end":{"line":12,"column":36}},"4":{"start":{"line":12,"column":24},"end":{"line":12,"column":35}},"5":{"start":{"line":14,"column":16},"end":{"line":16,"column":1}},"6":{"start":{"line":15,"column":4},"end":{"line":15,"column":42}},"7":{"start":{"line":15,"column":27},"end":{"line":15,"column":40}},"8":{"start":{"line":17,"column":17},"end":{"line":21,"column":1}},"9":{"start":{"line":22,"column":0},"end":{"line":26,"column":1}}},"fnMap":{"0":{"name":"(anonymous_0)","decl":{"start":{"line":5,"column":9},"end":{"line":5,"column":10}},"loc":{"start":{"line":5,"column":13},"end":{"line":5,"column":15}},"line":5},"1":{"name":"(anonymous_1)","decl":{"start":{"line":6,"column":9},"end":{"line":6,"column":10}},"loc":{"start":{"line":6,"column":13},"end":{"line":6,"column":15}},"line":6},"2":{"name":"CounterContextProvider","decl":{"start":{"line":9,"column":24},"end":{"line":9,"column":46}},"loc":{"start":{"line":9,"column":58},"end":{"line":27,"column":1}},"line":9},"3":{"name":"(anonymous_3)","decl":{"start":{"line":11,"column":16},"end":{"line":11,"column":17}},"loc":{"start":{"line":11,"column":20},"end":{"line":13,"column":1}},"line":11},"4":{"name":"(anonymous_4)","decl":{"start":{"line":12,"column":12},"end":{"line":12,"column":13}},"loc":{"start":{"line":12,"column":24},"end":{"line":12,"column":35}},"line":12},"5":{"name":"(anonymous_5)","decl":{"start":{"line":14,"column":16},"end":{"line":14,"column":17}},"loc":{"start":{"line":14,"column":20},"end":{"line":16,"column":1}},"line":14},"6":{"name":"(anonymous_6)","decl":{"start":{"line":15,"column":15},"end":{"line":15,"column":16}},"loc":{"start":{"line":15,"column":27},"end":{"line":15,"column":40}},"line":15}},"branchMap":{},"s":{"0":3,"1":29,"2":29,"3":1,"4":1,"5":29,"6":1,"7":1,"8":29,"9":29},"f":{"0":1,"1":1,"2":29,"3":1,"4":1,"5":1,"6":1},"b":{},"_coverageSchema":"1a1c01bbd47fc00a2c39e90264f33305004495a9","hash":"4cf7a993e77bde62a0b8e8b7a5073151dd5dc167"}
,"D:\\neha\\frontEndRel\\practice\\udemyPrac\\reactPrac\\react-test-cases\\src\\component\\Greet.js": {"path":"D:\\neha\\frontEndRel\\practice\\udemyPrac\\reactPrac\\react-test-cases\\src\\component\\Greet.js","statementMap":{"0":{"start":{"line":2,"column":4},"end":{"line":2,"column":32}}},"fnMap":{"0":{"name":"Greet","decl":{"start":{"line":1,"column":24},"end":{"line":1,"column":29}},"loc":{"start":{"line":1,"column":36},"end":{"line":3,"column":1}},"line":1}},"branchMap":{},"s":{"0":1},"f":{"0":1},"b":{},"_coverageSchema":"1a1c01bbd47fc00a2c39e90264f33305004495a9","hash":"259c0ae096765e123b0f0f2dc29f285f46ec9fcb"}
,"D:\\neha\\frontEndRel\\practice\\udemyPrac\\reactPrac\\react-test-cases\\src\\component\\Movie.js": {"path":"D:\\neha\\frontEndRel\\practice\\udemyPrac\\reactPrac\\react-test-cases\\src\\component\\Movie.js","statementMap":{"0":{"start":{"line":3,"column":28},"end":{"line":3,"column":40}},"1":{"start":{"line":4,"column":28},"end":{"line":4,"column":42}},"2":{"start":{"line":5,"column":34},"end":{"line":5,"column":49}},"3":{"start":{"line":8,"column":4},"end":{"line":8,"column":21}},"4":{"start":{"line":9,"column":4},"end":{"line":31,"column":5}},"5":{"start":{"line":10,"column":23},"end":{"line":12,"column":7}},"6":{"start":{"line":13,"column":6},"end":{"line":15,"column":7}},"7":{"start":{"line":14,"column":8},"end":{"line":14,"column":44}},"8":{"start":{"line":16,"column":19},"end":{"line":16,"column":40}},"9":{"start":{"line":17,"column":27},"end":{"line":17,"column":29}},"10":{"start":{"line":19,"column":6},"end":{"line":25,"column":7}},"11":{"start":{"line":20,"column":8},"end":{"line":24,"column":11}},"12":{"start":{"line":27,"column":6},"end":{"line":27,"column":29}},"13":{"start":{"line":28,"column":6},"end":{"line":28,"column":21}},"14":{"start":{"line":30,"column":6},"end":{"line":30,"column":43}},"15":{"start":{"line":33,"column":4},"end":{"line":33,"column":22}},"16":{"start":{"line":35,"column":2},"end":{"line":51,"column":4}},"17":{"start":{"line":43,"column":8},"end":{"line":48,"column":13}}},"fnMap":{"0":{"name":"Movie","decl":{"start":{"line":2,"column":24},"end":{"line":2,"column":29}},"loc":{"start":{"line":2,"column":32},"end":{"line":52,"column":1}},"line":2},"1":{"name":"fetchApi","decl":{"start":{"line":7,"column":17},"end":{"line":7,"column":25}},"loc":{"start":{"line":7,"column":28},"end":{"line":34,"column":3}},"line":7},"2":{"name":"(anonymous_2)","decl":{"start":{"line":42,"column":42},"end":{"line":42,"column":43}},"loc":{"start":{"line":43,"column":8},"end":{"line":48,"column":13}},"line":43}},"branchMap":{"0":{"loc":{"start":{"line":13,"column":6},"end":{"line":15,"column":7}},"type":"if","locations":[{"start":{"line":13,"column":6},"end":{"line":15,"column":7}},{"start":{},"end":{}}],"line":13},"1":{"loc":{"start":{"line":40,"column":7},"end":{"line":40,"column":66}},"type":"binary-expr","locations":[{"start":{"line":40,"column":7},"end":{"line":40,"column":12}},{"start":{"line":40,"column":16},"end":{"line":40,"column":66}}],"line":40},"2":{"loc":{"start":{"line":41,"column":7},"end":{"line":41,"column":42}},"type":"binary-expr","locations":[{"start":{"line":41,"column":7},"end":{"line":41,"column":16}},{"start":{"line":41,"column":20},"end":{"line":41,"column":42}}],"line":41},"3":{"loc":{"start":{"line":42,"column":7},"end":{"line":49,"column":14}},"type":"binary-expr","locations":[{"start":{"line":42,"column":7},"end":{"line":42,"column":23}},{"start":{"line":42,"column":27},"end":{"line":49,"column":14}}],"line":42}},"s":{"0":30,"1":30,"2":30,"3":2,"4":2,"5":2,"6":2,"7":1,"8":1,"9":1,"10":1,"11":3,"12":1,"13":1,"14":1,"15":2,"16":30,"17":3},"f":{"0":30,"1":2,"2":3},"b":{"0":[1,1],"1":[30,1],"2":[30,2],"3":[30,1]},"_coverageSchema":"1a1c01bbd47fc00a2c39e90264f33305004495a9","hash":"18284a9beeb3992d66b00ec3255af0412cdf83fb"}
,"D:\\neha\\frontEndRel\\practice\\udemyPrac\\reactPrac\\react-test-cases\\src\\component\\taskRel\\NewProject.js": {"path":"D:\\neha\\frontEndRel\\practice\\udemyPrac\\reactPrac\\react-test-cases\\src\\component\\taskRel\\NewProject.js","statementMap":{"0":{"start":{"line":4,"column":16},"end":{"line":4,"column":24}},"1":{"start":{"line":5,"column":22},"end":{"line":5,"column":30}},"2":{"start":{"line":6,"column":15},"end":{"line":6,"column":23}},"3":{"start":{"line":8,"column":25},"end":{"line":8,"column":44}},"4":{"start":{"line":9,"column":31},"end":{"line":9,"column":56}},"5":{"start":{"line":10,"column":27},"end":{"line":10,"column":45}},"6":{"start":{"line":11,"column":4},"end":{"line":17,"column":5}},"7":{"start":{"line":16,"column":6},"end":{"line":16,"column":13}},"8":{"start":{"line":18,"column":4},"end":{"line":22,"column":7}},"9":{"start":{"line":24,"column":2},"end":{"line":43,"column":4}}},"fnMap":{"0":{"name":"NewProject","decl":{"start":{"line":3,"column":24},"end":{"line":3,"column":34}},"loc":{"start":{"line":3,"column":55},"end":{"line":44,"column":1}},"line":3},"1":{"name":"handleAdd","decl":{"start":{"line":7,"column":11},"end":{"line":7,"column":20}},"loc":{"start":{"line":7,"column":23},"end":{"line":23,"column":3}},"line":7}},"branchMap":{"0":{"loc":{"start":{"line":11,"column":4},"end":{"line":17,"column":5}},"type":"if","locations":[{"start":{"line":11,"column":4},"end":{"line":17,"column":5}},{"start":{},"end":{}}],"line":11},"1":{"loc":{"start":{"line":12,"column":6},"end":{"line":14,"column":34}},"type":"binary-expr","locations":[{"start":{"line":12,"column":6},"end":{"line":12,"column":32}},{"start":{"line":13,"column":6},"end":{"line":13,"column":38}},{"start":{"line":14,"column":6},"end":{"line":14,"column":34}}],"line":12}},"s":{"0":14,"1":14,"2":14,"3":6,"4":6,"5":6,"6":6,"7":1,"8":5,"9":14},"f":{"0":14,"1":6},"b":{"0":[1,5],"1":[6,5,5]},"_coverageSchema":"1a1c01bbd47fc00a2c39e90264f33305004495a9","hash":"95e3a1e4326e5c2a6d96e71acc4cbf76754aad82"}
,"D:\\neha\\frontEndRel\\practice\\udemyPrac\\reactPrac\\react-test-cases\\src\\component\\taskRel\\NewTask.js": {"path":"D:\\neha\\frontEndRel\\practice\\udemyPrac\\reactPrac\\react-test-cases\\src\\component\\taskRel\\NewTask.js","statementMap":{"0":{"start":{"line":3,"column":13},"end":{"line":3,"column":21}},"1":{"start":{"line":5,"column":8},"end":{"line":5,"column":42}},"2":{"start":{"line":6,"column":8},"end":{"line":6,"column":29}},"3":{"start":{"line":8,"column":4},"end":{"line":13,"column":5}}},"fnMap":{"0":{"name":"NewTask","decl":{"start":{"line":2,"column":24},"end":{"line":2,"column":31}},"loc":{"start":{"line":2,"column":42},"end":{"line":14,"column":1}},"line":2},"1":{"name":"handleTask","decl":{"start":{"line":4,"column":13},"end":{"line":4,"column":23}},"loc":{"start":{"line":4,"column":25},"end":{"line":7,"column":5}},"line":4}},"branchMap":{},"s":{"0":11,"1":2,"2":2,"3":11},"f":{"0":11,"1":2},"b":{},"_coverageSchema":"1a1c01bbd47fc00a2c39e90264f33305004495a9","hash":"7a346c4926c803802d5f8ba563c5ab1df7d3c7de"}
,"D:\\neha\\frontEndRel\\practice\\udemyPrac\\reactPrac\\react-test-cases\\src\\component\\taskRel\\NoProject.js": {"path":"D:\\neha\\frontEndRel\\practice\\udemyPrac\\reactPrac\\react-test-cases\\src\\component\\taskRel\\NoProject.js","statementMap":{"0":{"start":{"line":2,"column":2},"end":{"line":7,"column":6}}},"fnMap":{"0":{"name":"NoProject","decl":{"start":{"line":1,"column":24},"end":{"line":1,"column":33}},"loc":{"start":{"line":1,"column":46},"end":{"line":8,"column":1}},"line":1}},"branchMap":{},"s":{"0":14},"f":{"0":14},"b":{},"_coverageSchema":"1a1c01bbd47fc00a2c39e90264f33305004495a9","hash":"8e5f4c57bf89732491dc3c40c95bdecf4b727213"}
,"D:\\neha\\frontEndRel\\practice\\udemyPrac\\reactPrac\\react-test-cases\\src\\component\\taskRel\\SelectedProj.js": {"path":"D:\\neha\\frontEndRel\\practice\\udemyPrac\\reactPrac\\react-test-cases\\src\\component\\taskRel\\SelectedProj.js","statementMap":{"0":{"start":{"line":10,"column":24},"end":{"line":14,"column":4}},"1":{"start":{"line":17,"column":2},"end":{"line":27,"column":4}}},"fnMap":{"0":{"name":"SelectedProj","decl":{"start":{"line":2,"column":24},"end":{"line":2,"column":36}},"loc":{"start":{"line":9,"column":3},"end":{"line":28,"column":1}},"line":9}},"branchMap":{},"s":{"0":6,"1":6},"f":{"0":6},"b":{},"_coverageSchema":"1a1c01bbd47fc00a2c39e90264f33305004495a9","hash":"ee7759d724a59924ef6c6c2e664d325a66d70377"}
,"D:\\neha\\frontEndRel\\practice\\udemyPrac\\reactPrac\\react-test-cases\\src\\component\\taskRel\\Sidebar.js": {"path":"D:\\neha\\frontEndRel\\practice\\udemyPrac\\reactPrac\\react-test-cases\\src\\component\\taskRel\\Sidebar.js","statementMap":{"0":{"start":{"line":3,"column":15},"end":{"line":9,"column":3}},"1":{"start":{"line":11,"column":2},"end":{"line":24,"column":4}},"2":{"start":{"line":18,"column":12},"end":{"line":20,"column":17}},"3":{"start":{"line":18,"column":48},"end":{"line":18,"column":68}}},"fnMap":{"0":{"name":"Sidebar","decl":{"start":{"line":2,"column":24},"end":{"line":2,"column":31}},"loc":{"start":{"line":2,"column":66},"end":{"line":25,"column":1}},"line":2},"1":{"name":"(anonymous_1)","decl":{"start":{"line":17,"column":23},"end":{"line":17,"column":24}},"loc":{"start":{"line":18,"column":12},"end":{"line":20,"column":17}},"line":18},"2":{"name":"(anonymous_2)","decl":{"start":{"line":18,"column":42},"end":{"line":18,"column":43}},"loc":{"start":{"line":18,"column":48},"end":{"line":18,"column":68}},"line":18}},"branchMap":{"0":{"loc":{"start":{"line":16,"column":9},"end":{"line":21,"column":12}},"type":"binary-expr","locations":[{"start":{"line":16,"column":9},"end":{"line":16,"column":28}},{"start":{"line":17,"column":10},"end":{"line":21,"column":12}}],"line":16}},"s":{"0":26,"1":26,"2":11,"3":4},"f":{"0":26,"1":11,"2":4},"b":{"0":[26,11]},"_coverageSchema":"1a1c01bbd47fc00a2c39e90264f33305004495a9","hash":"fd5834ae358c822d82fae9ad01e4e6b05e4a0ba4"}
,"D:\\neha\\frontEndRel\\practice\\udemyPrac\\reactPrac\\react-test-cases\\src\\component\\taskRel\\Task.js": {"path":"D:\\neha\\frontEndRel\\practice\\udemyPrac\\reactPrac\\react-test-cases\\src\\component\\taskRel\\Task.js","statementMap":{"0":{"start":{"line":4,"column":23},"end":{"line":6,"column":7}},"1":{"start":{"line":5,"column":18},"end":{"line":5,"column":47}},"2":{"start":{"line":8,"column":4},"end":{"line":22,"column":5}},"3":{"start":{"line":14,"column":16},"end":{"line":18,"column":21}},"4":{"start":{"line":16,"column":51},"end":{"line":16,"column":70}}},"fnMap":{"0":{"name":"Task","decl":{"start":{"line":3,"column":24},"end":{"line":3,"column":28}},"loc":{"start":{"line":3,"column":66},"end":{"line":23,"column":1}},"line":3},"1":{"name":"(anonymous_1)","decl":{"start":{"line":5,"column":8},"end":{"line":5,"column":9}},"loc":{"start":{"line":5,"column":18},"end":{"line":5,"column":47}},"line":5},"2":{"name":"(anonymous_2)","decl":{"start":{"line":13,"column":31},"end":{"line":13,"column":32}},"loc":{"start":{"line":14,"column":16},"end":{"line":18,"column":21}},"line":14},"3":{"name":"(anonymous_3)","decl":{"start":{"line":16,"column":47},"end":{"line":16,"column":48}},"loc":{"start":{"line":16,"column":51},"end":{"line":16,"column":70}},"line":16}},"branchMap":{"0":{"loc":{"start":{"line":11,"column":13},"end":{"line":11,"column":83}},"type":"binary-expr","locations":[{"start":{"line":11,"column":14},"end":{"line":11,"column":31}},{"start":{"line":11,"column":35},"end":{"line":11,"column":60}},{"start":{"line":11,"column":65},"end":{"line":11,"column":83}}],"line":11},"1":{"loc":{"start":{"line":12,"column":13},"end":{"line":19,"column":16}},"type":"binary-expr","locations":[{"start":{"line":12,"column":13},"end":{"line":12,"column":36}},{"start":{"line":13,"column":14},"end":{"line":19,"column":16}}],"line":12}},"s":{"0":8,"1":3,"2":8,"3":3,"4":2},"f":{"0":8,"1":3,"2":3,"3":2},"b":{"0":[8,3,5],"1":[8,3]},"_coverageSchema":"1a1c01bbd47fc00a2c39e90264f33305004495a9","hash":"f5cd4a9a23163a2659ec5f6ec8561d4aaaedfbea"}
}
