TN:
SF:src\App.js
FN:11,App
FN:22,createProj
FN:23,(anonymous_2)
FN:27,cancelProj
FN:28,(anonymous_4)
FN:32,selected
FN:33,(anonymous_6)
FN:37,handleDelete
FN:38,(anonymous_8)
FN:42,(anonymous_9)
FN:47,deleteproj
FN:48,(anonymous_11)
FN:53,(anonymous_12)
FN:58,addProj
FN:59,(anonymous_14)
FN:73,handleTask
FN:74,(anonymous_16)
FN:89,(anonymous_17)
FNF:18
FNH:18
FNDA:24,App
FNDA:6,createProj
FNDA:6,(anonymous_2)
FNDA:1,cancelProj
FNDA:1,(anonymous_4)
FNDA:3,selected
FNDA:3,(anonymous_6)
FNDA:1,handleDelete
FNDA:1,(anonymous_8)
FNDA:1,(anonymous_9)
FNDA:1,deleteproj
FNDA:1,(anonymous_11)
FNDA:1,(anonymous_12)
FNDA:4,addProj
FNDA:4,(anonymous_14)
FNDA:1,handleTask
FNDA:1,(anonymous_16)
FNDA:9,(anonymous_17)
DA:17,24
DA:23,6
DA:24,6
DA:28,1
DA:29,1
DA:33,3
DA:34,3
DA:38,1
DA:39,1
DA:42,1
DA:48,1
DA:49,1
DA:53,1
DA:59,4
DA:60,4
DA:61,4
DA:66,4
DA:74,1
DA:75,1
DA:76,1
DA:82,1
DA:88,24
DA:89,9
DA:92,24
DA:101,24
DA:102,6
DA:103,18
DA:104,13
DA:106,24
LF:29
LH:29
BRDA:101,0,0,6
BRDA:101,0,1,18
BRDA:103,1,0,13
BRDA:103,1,1,5
BRF:4
BRH:4
end_of_record
TN:
SF:src\component\Counter.js
FN:4,Counter
FNF:1
FNH:1
FNDA:31,Counter
DA:5,31
DA:6,31
LF:2
LH:2
BRF:0
BRH:0
end_of_record
TN:
SF:src\component\CounterContext.js
FN:5,(anonymous_0)
FN:6,(anonymous_1)
FN:9,CounterContextProvider
FN:11,(anonymous_3)
FN:12,(anonymous_4)
FN:14,(anonymous_5)
FN:15,(anonymous_6)
FNF:7
FNH:7
FNDA:1,(anonymous_0)
FNDA:1,(anonymous_1)
FNDA:29,CounterContextProvider
FNDA:1,(anonymous_3)
FNDA:1,(anonymous_4)
FNDA:1,(anonymous_5)
FNDA:1,(anonymous_6)
DA:3,3
DA:10,29
DA:11,29
DA:12,1
DA:14,29
DA:15,1
DA:17,29
DA:22,29
LF:8
LH:8
BRF:0
BRH:0
end_of_record
TN:
SF:src\component\Greet.js
FN:1,Greet
FNF:1
FNH:1
FNDA:1,Greet
DA:2,1
LF:1
LH:1
BRF:0
BRH:0
end_of_record
TN:
SF:src\component\Movie.js
FN:2,Movie
FN:7,fetchApi
FN:42,(anonymous_2)
FNF:3
FNH:3
FNDA:30,Movie
FNDA:2,fetchApi
FNDA:3,(anonymous_2)
DA:3,30
DA:4,30
DA:5,30
DA:8,2
DA:9,2
DA:10,2
DA:13,2
DA:14,1
DA:16,1
DA:17,1
DA:19,1
DA:20,3
DA:27,1
DA:28,1
DA:30,1
DA:33,2
DA:35,30
DA:43,3
LF:18
LH:18
BRDA:13,0,0,1
BRDA:13,0,1,1
BRDA:40,1,0,30
BRDA:40,1,1,1
BRDA:41,2,0,30
BRDA:41,2,1,2
BRDA:42,3,0,30
BRDA:42,3,1,1
BRF:8
BRH:8
end_of_record
TN:
SF:src\component\taskRel\NewProject.js
FN:3,NewProject
FN:7,handleAdd
FNF:2
FNH:2
FNDA:14,NewProject
FNDA:6,handleAdd
DA:4,14
DA:5,14
DA:6,14
DA:8,6
DA:9,6
DA:10,6
DA:11,6
DA:16,1
DA:18,5
DA:24,14
LF:10
LH:10
BRDA:11,0,0,1
BRDA:11,0,1,5
BRDA:12,1,0,6
BRDA:12,1,1,5
BRDA:12,1,2,5
BRF:5
BRH:5
end_of_record
TN:
SF:src\component\taskRel\NewTask.js
FN:2,NewTask
FN:4,handleTask
FNF:2
FNH:2
FNDA:11,NewTask
FNDA:2,handleTask
DA:3,11
DA:5,2
DA:6,2
DA:8,11
LF:4
LH:4
BRF:0
BRH:0
end_of_record
TN:
SF:src\component\taskRel\NoProject.js
FN:1,NoProject
FNF:1
FNH:1
FNDA:14,NoProject
DA:2,14
LF:1
LH:1
BRF:0
BRH:0
end_of_record
TN:
SF:src\component\taskRel\SelectedProj.js
FN:2,SelectedProj
FNF:1
FNH:1
FNDA:6,SelectedProj
DA:10,6
DA:17,6
LF:2
LH:2
BRF:0
BRH:0
end_of_record
TN:
SF:src\component\taskRel\Sidebar.js
FN:2,Sidebar
FN:17,(anonymous_1)
FN:18,(anonymous_2)
FNF:3
FNH:3
FNDA:26,Sidebar
FNDA:11,(anonymous_1)
FNDA:4,(anonymous_2)
DA:3,26
DA:11,26
DA:18,11
LF:3
LH:3
BRDA:16,0,0,26
BRDA:16,0,1,11
BRF:2
BRH:2
end_of_record
TN:
SF:src\component\taskRel\Task.js
FN:3,Task
FN:5,(anonymous_1)
FN:13,(anonymous_2)
FN:16,(anonymous_3)
FNF:4
FNH:4
FNDA:8,Task
FNDA:3,(anonymous_1)
FNDA:3,(anonymous_2)
FNDA:2,(anonymous_3)
DA:4,8
DA:5,3
DA:8,8
DA:14,3
DA:16,2
LF:5
LH:5
BRDA:11,0,0,8
BRDA:11,0,1,3
BRDA:11,0,2,5
BRDA:12,1,0,8
BRDA:12,1,1,3
BRF:5
BRH:5
end_of_record
